#
# A fatal error has been detected by the Java Runtime Environment:
#
#  EXCEPTION_ACCESS_VIOLATION (0xc0000005) at pc=0x00007ffd05390c02, pid=5804, tid=9028
#
# JRE version:  (22.0.1+8) (build )
# Java VM: Java HotSpot(TM) 64-Bit Server VM (22.0.1+8-16, mixed mode, sharing, tiered, compressed oops, compressed class ptrs, g1 gc, windows-amd64)
# Problematic frame:
# V  [jvm.dll+0x310c02]
#
# No core dump will be written. Minidumps are not enabled by default on client versions of Windows
#
#

---------------  S U M M A R Y ------------

Command Line: -javaagent:F:\IntelliJ IDEA\IntelliJ IDEA Community Edition 2023.1.3\lib\idea_rt.jar=51788:F:\IntelliJ IDEA\IntelliJ IDEA Community Edition 2023.1.3\bin -Dfile.encoding=UTF-8 -Dsun.stdout.encoding=UTF-8 -Dsun.stderr.encoding=UTF-8 com.spring.flashcard.FlashcardApplication

Host: Intel(R) Core(TM) i3-5005U CPU @ 2.00GHz, 4 cores, 7G,  Windows 10 , 64 bit Build 19041 (10.0.19041.5072)
Time: Thu Feb  6 22:59:43 2025 SE Asia Standard Time elapsed time: 0.115015 seconds (0d 0h 0m 0s)

---------------  T H R E A D  ---------------

Current thread (0x000001c6bfacb240):  JavaThread "Unknown thread" [_thread_in_vm, id=9028, stack(0x00000095bfe00000,0x00000095bff00000) (1024K)]

Stack: [0x00000095bfe00000,0x00000095bff00000],  sp=0x00000095bfeff480,  free space=1021k
Native frames: (J=compiled Java code, j=interpreted, Vv=VM code, C=native code)
V  [jvm.dll+0x310c02]  (no source info available)
V  [jvm.dll+0x311598]  (no source info available)
V  [jvm.dll+0x68bb69]  (no source info available)
V  [jvm.dll+0x68bd99]  (no source info available)
V  [jvm.dll+0x68b131]  (no source info available)
V  [jvm.dll+0x686967]  (no source info available)
V  [jvm.dll+0x83cd28]  (no source info available)
V  [jvm.dll+0x3c0d71]  (no source info available)
V  [jvm.dll+0x825ccc]  (no source info available)
V  [jvm.dll+0x45b8fe]  (no source info available)
V  [jvm.dll+0x45d781]  (no source info available)
C  [jli.dll+0x52a3]  (no source info available)
C  [ucrtbase.dll+0x21bb2]  (no source info available)
C  [KERNEL32.DLL+0x17374]  (no source info available)
C  [ntdll.dll+0x4cc91]  (no source info available)


siginfo: EXCEPTION_ACCESS_VIOLATION (0xc0000005), reading address 0xffffffffffffffff


Registers:
RAX=0x00005f9b186ad749, RBX=0x0000000000000000, RCX=0xed065b120a055953, RDX=0x0000000000000001
RSP=0x00000095bfeff480, RBP=0x0000000000000001, RSI=0xed065b120a055953, RDI=0x000001c6ddb252e0
R8 =0x0000000000000001, R9 =0x0000000000000001, R10=0x0000000000000000, R11=0x00000095bfeff4f8
R12=0x00007ffd0571e050, R13=0x000001c6bfaa7ea0, R14=0x0000000000000001, R15=0x000001c6de000000
RIP=0x00007ffd05390c02, EFLAGS=0x0000000000010202


Top of Stack: (sp=0x00000095bfeff480)
0x00000095bfeff480:   000001c6dec60000 0000000800000000
0x00000095bfeff490:   0000000800c60000 000001c6de000000
0x00000095bfeff4a0:   000001c6dec60000 000001bede000000
0x00000095bfeff4b0:   000001c6de000000 0000000000000001
0x00000095bfeff4c0:   00000095bfeff5d0 0000000000000000
0x00000095bfeff4d0:   00005f9b186ad749 000001bede000000
0x00000095bfeff4e0:   000001c6ddb252e0 0000000000000000
0x00000095bfeff4f0:   000001c6ddb252e0 00007ffd05391598
0x00000095bfeff500:   000001c6de000000 0000000000000000
0x00000095bfeff510:   0000000000000000 00007ffd60fe84e6
0x00000095bfeff520:   000001c6de000000 0000000001000000
0x00000095bfeff530:   0000000000000000 0000000000010000
0x00000095bfeff540:   0000000000001000 ffffffff00000000
0x00000095bfeff550:   00003b9ae2116a00 00000000000002bc
0x00000095bfeff560:   00005f9b186ad6c9 0000000000000000
0x00000095bfeff570:   0000000000000000 0000000000000000
0x00000095bfeff580:   000001c6ddb252e0 00000095bfeff720
0x00000095bfeff590:   000001c6ddb252e0 00007ffd0570bb69
0x00000095bfeff5a0:   0000000000000002 00007ffd05c68910
0x00000095bfeff5b0:   000001c6ddb252e0 000001c6de000000
0x00000095bfeff5c0:   00000095bfeff5d0 0000000000001000
0x00000095bfeff5d0:   000001c6de000000 0000000001000000
0x00000095bfeff5e0:   0000000000000000 0000000000010000
0x00000095bfeff5f0:   0000000000001000 ffffffff00000000
0x00000095bfeff600:   00003b9ae2116a00 000001c6ddb252e0
0x00000095bfeff610:   0000000000000000 00007ffd0570bd99
0x00000095bfeff620:   0000000000000000 0000000001000000
0x00000095bfeff630:   000001c6bfaa7ba0 0000000000000000
0x00000095bfeff640:   00000095bfeff650 00000095bfeff688
0x00000095bfeff650:   000001c6de000000 0000000001000000
0x00000095bfeff660:   0000000000000000 0000000000010000
0x00000095bfeff670:   0000000000001000 ffffffff00000000 

Instructions: (pc=0x00007ffd05390c02)
0x00007ffd05390b02:   00 75 1d 48 85 c0 0f 84 b2 00 00 00 48 8d 0d eb
0x00007ffd05390b12:   c1 6d 00 e8 96 4e ec ff 32 c0 48 83 c4 20 5b c3
0x00007ffd05390b22:   48 85 c0 74 0c 48 8d 0d a2 8f 6d 00 e8 7d 4e ec
0x00007ffd05390b32:   ff 48 8b 05 56 2a 92 00 48 85 c0 74 1b 44 0f b6
0x00007ffd05390b42:   83 a5 01 00 00 48 8d 0d 22 c2 6d 00 0f b6 93 a4
0x00007ffd05390b52:   01 00 00 e8 a6 ed da ff 0f b6 05 b5 23 93 00 38
0x00007ffd05390b62:   83 a4 01 00 00 75 3f 0f b6 05 bb bc 8c 00 38 83
0x00007ffd05390b72:   a5 01 00 00 75 30 80 bb e9 02 00 00 00 75 1f 48
0x00007ffd05390b82:   8b 05 08 2a 92 00 c6 05 31 7d 8d 00 00 48 85 c0
0x00007ffd05390b92:   74 0c 48 8d 0d d5 c2 6d 00 e8 60 ed da ff b0 01
0x00007ffd05390ba2:   48 83 c4 20 5b c3 48 8b 05 e1 29 92 00 48 85 c0
0x00007ffd05390bb2:   74 0c 48 8d 0d 15 c2 6d 00 e8 40 ed da ff 32 c0
0x00007ffd05390bc2:   48 83 c4 20 5b c3 cc cc cc cc cc cc cc cc 4c 8b
0x00007ffd05390bd2:   dc 57 48 83 ec 70 48 8b 05 09 49 8f 00 48 33 c4
0x00007ffd05390be2:   48 89 44 24 50 80 3d 92 ba 8c 00 00 49 89 5b 10
0x00007ffd05390bf2:   49 89 6b 18 0f b6 ea 49 89 73 f0 48 8b f1 74 17
0x00007ffd05390c02:   80 39 00 75 12 48 8b 0d 9a 71 92 00 48 8b 01 ff
0x00007ffd05390c12:   50 20 48 8b d8 eb 08 48 8b 59 18 48 83 c3 04 48
0x00007ffd05390c22:   8b 05 48 72 92 00 40 b7 01 48 85 c0 74 0f 48 8b
0x00007ffd05390c32:   d3 48 8d 0d 4e ab 6d 00 e8 b1 a2 f0 ff 48 8d 54
0x00007ffd05390c42:   24 20 48 8b cb e8 14 fa 3c 00 85 c0 74 28 40 84
0x00007ffd05390c52:   ed 74 23 48 8b 05 3c 29 92 00 48 85 c0 74 47 48
0x00007ffd05390c62:   8b d3 48 8d 0d 45 ab 6d 00 e8 40 4d ec ff 40 32
0x00007ffd05390c72:   ff e9 31 01 00 00 80 3e 02 75 33 48 8b cb e8 7b
0x00007ffd05390c82:   9a 3c 00 84 c0 0f 85 1c 01 00 00 48 8b 05 04 29
0x00007ffd05390c92:   92 00 48 85 c0 74 0f 48 8b d3 48 8d 0d 3d ab 6d
0x00007ffd05390ca2:   00 e8 08 4d ec ff 40 32 ff e9 f9 00 00 00 48 8b
0x00007ffd05390cb2:   46 08 48 63 6c 24 34 4c 89 74 24 60 4c 8b 76 10
0x00007ffd05390cc2:   48 85 c0 74 0d 48 3b 44 24 40 74 06 40 0f b6 f7
0x00007ffd05390cd2:   eb 0c 40 32 f6 4c 3b f5 0f 84 c4 00 00 00 48 8b
0x00007ffd05390ce2:   05 b1 28 92 00 40 32 ff 40 38 3d 23 22 93 00 74
0x00007ffd05390cf2:   28 48 85 c0 0f 84 a8 00 00 00 40 84 f6 48 8d 05 



---------------  P R O C E S S  ---------------

Threads class SMR info:
_java_thread_list=0x00007ffd05c6b1c8, length=0, elements={
}

Java Threads: ( => current thread )
Total: 0

Other Threads:
  0x000001c6c1cff210 WorkerThread "GC Thread#0"                     [id=8732, stack(0x00000095bff00000,0x00000095c0000000) (1024K)]
  0x000001c6c1d11660 ConcurrentGCThread "G1 Main Marker"            [id=7272, stack(0x00000095c0000000,0x00000095c0100000) (1024K)]
  0x000001c6c1d12820 WorkerThread "G1 Conc#0"                       [id=11476, stack(0x00000095c0100000,0x00000095c0200000) (1024K)]
  0x000001c6c1d6e960 ConcurrentGCThread "G1 Refine#0"               [id=1380, stack(0x00000095c0200000,0x00000095c0300000) (1024K)]
  0x000001c6ddb116a0 ConcurrentGCThread "G1 Service"                [id=1728, stack(0x00000095c0300000,0x00000095c0400000) (1024K)]

=>0x000001c6bfacb240 (exited) JavaThread "Unknown thread"    [_thread_in_vm, id=9028, stack(0x00000095bfe00000,0x00000095bff00000) (1024K)]
Total: 6

Threads with active compile tasks:
Total: 0

VM state: not at safepoint (not fully initialized)

VM Mutex/Monitor currently owned by a thread: None

Heap address: 0x0000000081400000, size: 2028 MB, Compressed Oops mode: 32-bit

CDS archive(s) mapped at: [0x0000000000000000-0x0000000000000000-0x0000000000000000), size 0, SharedBaseAddress: 0x0000000800000000, ArchiveRelocationMode: 1.
Narrow klass base: 0x0000000000000000, Narrow klass shift: 0, Narrow klass range: 0x0

GC Precious Log:
 CardTable entry size: 512
 Card Set container configuration: InlinePtr #cards 5 size 8 Array Of Cards #cards 12 size 40 Howl #buckets 4 coarsen threshold 1843 Howl Bitmap #cards 512 size 80 coarsen threshold 460 Card regions per heap region 1 cards per card region 2048
 CPUs: 4 total, 4 available
 Memory: 8104M
 Large Page Support: Disabled
 NUMA Support: Disabled
 Compressed Oops: Enabled (32-bit)
 Heap Region Size: 1M
 Heap Min Capacity: 8M
 Heap Initial Capacity: 128M
 Heap Max Capacity: 2028M
 Pre-touch: Disabled
 Parallel Workers: 4
 Concurrent Workers: 1
 Concurrent Refinement Workers: 4
 Periodic GC: Disabled

Heap:
 garbage-first heap   total reserved 2076672K, committed 131072K, used 0K [0x0000000081400000, 0x0000000100000000)
  region size 1024K, 0 young (0K), 0 survivors (0K)

[error occurred during error reporting (printing heap information), id 0xc0000005, EXCEPTION_ACCESS_VIOLATION (0xc0000005) at pc=0x00007ffd057be429]
GC Heap History (0 events):
No events

Dll operation events (1 events):
Event: 0.018 Loaded shared library G:\Java\JDK 22\bin\java.dll

Deoptimization events (0 events):
No events

Classes loaded (0 events):
No events

Classes unloaded (0 events):
No events

Classes redefined (0 events):
No events

Internal exceptions (0 events):
No events

ZGC Phase Switch (0 events):
No events

VM Operations (0 events):
No events

Events (0 events):
No events


Dynamic libraries:
0x00007ff74d360000 - 0x00007ff74d370000 	G:\Java\JDK 22\bin\java.exe
0x00007ffd630b0000 - 0x00007ffd632a8000 	C:\Windows\SYSTEM32\ntdll.dll
0x00007ffd612b0000 - 0x00007ffd61372000 	C:\Windows\System32\KERNEL32.DLL
0x00007ffd60b50000 - 0x00007ffd60e4e000 	C:\Windows\System32\KERNELBASE.dll
0x00007ffd60fd0000 - 0x00007ffd610d0000 	C:\Windows\System32\ucrtbase.dll
0x00007ffd52fb0000 - 0x00007ffd52fc7000 	G:\Java\JDK 22\bin\jli.dll
0x00007ffd52fd0000 - 0x00007ffd52feb000 	G:\Java\JDK 22\bin\VCRUNTIME140.dll
0x00007ffd62d60000 - 0x00007ffd62e11000 	C:\Windows\System32\ADVAPI32.dll
0x00007ffd62f20000 - 0x00007ffd62fbe000 	C:\Windows\System32\msvcrt.dll
0x00007ffd62e80000 - 0x00007ffd62f1f000 	C:\Windows\System32\sechost.dll
0x00007ffd617b0000 - 0x00007ffd618d3000 	C:\Windows\System32\RPCRT4.dll
0x00007ffd608a0000 - 0x00007ffd608c7000 	C:\Windows\System32\bcrypt.dll
0x00007ffd61600000 - 0x00007ffd6179d000 	C:\Windows\System32\USER32.dll
0x00007ffd60750000 - 0x00007ffd60772000 	C:\Windows\System32\win32u.dll
0x00007ffd4d8d0000 - 0x00007ffd4db6a000 	C:\Windows\WinSxS\amd64_microsoft.windows.common-controls_6595b64144ccf1df_6.0.19041.4355_none_60b8b9eb71f62e16\COMCTL32.dll
0x00007ffd61d50000 - 0x00007ffd61d7b000 	C:\Windows\System32\GDI32.dll
0x00007ffd60780000 - 0x00007ffd60897000 	C:\Windows\System32\gdi32full.dll
0x00007ffd60e50000 - 0x00007ffd60eed000 	C:\Windows\System32\msvcp_win.dll
0x00007ffd55150000 - 0x00007ffd5515a000 	C:\Windows\SYSTEM32\VERSION.dll
0x00007ffd610d0000 - 0x00007ffd610ff000 	C:\Windows\System32\IMM32.DLL
0x00007ffd57f00000 - 0x00007ffd57f0c000 	G:\Java\JDK 22\bin\vcruntime140_1.dll
0x00007ffd524a0000 - 0x00007ffd5252e000 	G:\Java\JDK 22\bin\msvcp140.dll
0x00007ffd05080000 - 0x00007ffd05dc7000 	G:\Java\JDK 22\bin\server\jvm.dll
0x00007ffd61e50000 - 0x00007ffd61ebb000 	C:\Windows\System32\WS2_32.dll
0x00007ffd605b0000 - 0x00007ffd605fb000 	C:\Windows\SYSTEM32\POWRPROF.dll
0x00007ffd4d8a0000 - 0x00007ffd4d8c7000 	C:\Windows\SYSTEM32\WINMM.dll
0x00007ffd60590000 - 0x00007ffd605a2000 	C:\Windows\SYSTEM32\UMPDC.dll
0x00007ffd5e5d0000 - 0x00007ffd5e5e2000 	C:\Windows\SYSTEM32\kernel.appcore.dll
0x00007ffd53df0000 - 0x00007ffd53dfa000 	G:\Java\JDK 22\bin\jimage.dll
0x00007ffd4e770000 - 0x00007ffd4e954000 	C:\Windows\SYSTEM32\DBGHELP.DLL
0x00007ffd4e550000 - 0x00007ffd4e584000 	C:\Windows\SYSTEM32\dbgcore.DLL
0x00007ffd60f40000 - 0x00007ffd60fc2000 	C:\Windows\System32\bcryptPrimitives.dll
0x00007ffd53e00000 - 0x00007ffd53e0f000 	G:\Java\JDK 22\bin\instrument.dll
0x00007ffd53dd0000 - 0x00007ffd53dee000 	G:\Java\JDK 22\bin\java.dll
0x00007ffd62140000 - 0x00007ffd628ad000 	C:\Windows\System32\SHELL32.dll
0x00007ffd61400000 - 0x00007ffd6152b000 	C:\Windows\System32\ole32.dll
0x00007ffd62a00000 - 0x00007ffd62d53000 	C:\Windows\System32\combase.dll

dbghelp: loaded successfully - version: 4.0.5 - missing functions: none
symbol engine: initialized successfully - sym options: 0x614 - pdb path: .;G:\Java\JDK 22\bin;C:\Windows\SYSTEM32;C:\Windows\WinSxS\amd64_microsoft.windows.common-controls_6595b64144ccf1df_6.0.19041.4355_none_60b8b9eb71f62e16;G:\Java\JDK 22\bin\server

VM Arguments:
jvm_args: -javaagent:F:\IntelliJ IDEA\IntelliJ IDEA Community Edition 2023.1.3\lib\idea_rt.jar=51788:F:\IntelliJ IDEA\IntelliJ IDEA Community Edition 2023.1.3\bin -Dfile.encoding=UTF-8 -Dsun.stdout.encoding=UTF-8 -Dsun.stderr.encoding=UTF-8 
java_command: com.spring.flashcard.FlashcardApplication
java_class_path (initial): G:\flashcard\flashcard\target\classes;C:\Users\Admin\.m2\repository\org\springframework\boot\spring-boot-starter-data-jpa\3.4.2\spring-boot-starter-data-jpa-3.4.2.jar;C:\Users\Admin\.m2\repository\org\springframework\boot\spring-boot-starter\3.4.2\spring-boot-starter-3.4.2.jar;C:\Users\Admin\.m2\repository\org\springframework\boot\spring-boot-starter-logging\3.4.2\spring-boot-starter-logging-3.4.2.jar;C:\Users\Admin\.m2\repository\ch\qos\logback\logback-classic\1.5.16\logback-classic-1.5.16.jar;C:\Users\Admin\.m2\repository\ch\qos\logback\logback-core\1.5.16\logback-core-1.5.16.jar;C:\Users\Admin\.m2\repository\org\apache\logging\log4j\log4j-to-slf4j\2.24.3\log4j-to-slf4j-2.24.3.jar;C:\Users\Admin\.m2\repository\org\apache\logging\log4j\log4j-api\2.24.3\log4j-api-2.24.3.jar;C:\Users\Admin\.m2\repository\org\slf4j\jul-to-slf4j\2.0.16\jul-to-slf4j-2.0.16.jar;C:\Users\Admin\.m2\repository\jakarta\annotation\jakarta.annotation-api\2.1.1\jakarta.annotation-api-2.1.1.jar;C:\Users\Admin\.m2\repository\org\yaml\snakeyaml\2.3\snakeyaml-2.3.jar;C:\Users\Admin\.m2\repository\org\springframework\boot\spring-boot-starter-jdbc\3.4.2\spring-boot-starter-jdbc-3.4.2.jar;C:\Users\Admin\.m2\repository\com\zaxxer\HikariCP\5.1.0\HikariCP-5.1.0.jar;C:\Users\Admin\.m2\repository\org\springframework\spring-jdbc\6.2.2\spring-jdbc-6.2.2.jar;C:\Users\Admin\.m2\repository\org\hibernate\orm\hibernate-core\6.6.5.Final\hibernate-core-6.6.5.Final.jar;C:\Users\Admin\.m2\repository\jakarta\persistence\jakarta.persistence-api\3.1.0\jakarta.persistence-api-3.1.0.jar;C:\Users\Admin\.m2\repository\jakarta\transaction\jakarta.transaction-api\2.0.1\jakarta.transaction-api-2.0.1.jar;C:\Users\Admin\.m2\repository\org\jboss\logging\jboss-logging\3.6.1.Final\jboss-logging-3.6.1.Final.jar;C:\Users\Admin\.m2\repository\org\hibernate\common\hibernate-commons-annotations\7.0.3.Final\hibernate-commons-annotations-7.0.3.Final.jar;C:\Users\Admin\.m2\repository\io\smallrye\jandex\3.2.0\jandex-3.2.0.jar;C:\Users\Admin\.m2\repository\com\fasterxml\classmate\1.7.0\classmate-1.7.0.jar;C:\Users\Admin\.m2\repository\net\bytebuddy\byte-buddy\1.15.11\byte-buddy-1.15.11.jar;C:\Users\Admin\.m2\repository\org\glassfish\jaxb\jaxb-runtime\4.0.5\jaxb-runtime-4.0.5.jar;C:\Users\Admin\.m2\repository\org\glassfish\jaxb\jaxb-core\4.0.5\jaxb-core-4.0.5.jar;C:\Users\Admin\.m2\repository\org\eclipse\angus\angus-activation\2.0.2\angus-activation-2.0.2.jar;C:\Users\Admin\.m2\repository\org\glassfish\jaxb\txw2\4.0.5\txw2-4.0.5.jar;C:\Users\Admin\.m2\repository\com\sun\istack\istack-commons-runtime\4.1.2\istack-commons-runtime-4.1.2.jar;C:\Users\Admin\.m2\repository\jakarta\inject\jakarta.inject-api\2.0.1\jakarta.inject-api-2.0.1.jar;C:\Users\Admin\.m2\repository\org\antlr\antlr4-runtime\4.13.0\antlr4-runtime-4.13.0.jar;C:\Users\Admin\.m2\repository\org\springframework\data\spring-data-jpa\3.4.2\spring-data-jpa-3.4.2.jar;C:\Users\Admin\.m2\repository\org\springframework\data\spring-data-commons\3.4.2\spring-data-commons-3.4.2.jar;C:\Users\Admin\.m2\repository\org\springframework\spring-orm\6.2.2\spring-orm-6.2.2.jar;C:\Users\Admin\.m2\repository\org\springframework\spring-context\6.2.2\spring-context-6.2.2.jar;C:\Users\Admin\.m2\repository\org\springframework\spring-aop\6.2.2\spring-aop-6.2.2.jar;C:\Users\Admin\.m2\repository\org\springframework\spring-tx\6.2.2\spring-tx-6.2.2.jar;C:\Users\Admin\.m2\repository\org\springframework\spring-beans\6.2.2\spring-beans-6.2.2.jar;C:\Users\Admin\.m2\repository\org\slf4j\slf4j-api\2.0.16\slf4j-api-2.0.16.jar;C:\Users\Admin\.m2\repository\org\springframework\spring-aspects\6.2.2\spring-aspects-6.2.2.jar;C:\Users\Admin\.m2\repository\org\aspectj\aspectjweaver\1.9.22.1\aspectjweaver-1.9.22.1.jar;C:\Users\Admin\.m2\repository\org\springframework\boot\spring-boot-starter-thymeleaf\3.4.2\spring-boot-starter-thymeleaf-3.4.2.jar;C:\Users\Admin\.m2\repository\org\thymeleaf\thymeleaf-spring6\3.1.3.RELEASE\thymeleaf-spring6-3.1.3.RELEASE.jar;C:\Users\Admin\.m2\repository\org\thymeleaf\thymeleaf\3.1.3.RELEASE\thymeleaf-3.1.3.RELEASE.jar;C:\Users\Admin\.m2\repository\org\attoparser\attoparser\2.0.7.RELEASE\attoparser-2.0.7.RELEASE.jar;C:\Users\Admin\.m2\repository\org\unbescape\unbescape\1.1.6.RELEASE\unbescape-1.1.6.RELEASE.jar;C:\Users\Admin\.m2\repository\org\springframework\boot\spring-boot-starter-web\3.4.2\spring-boot-starter-web-3.4.2.jar;C:\Users\Admin\.m2\repository\org\springframework\boot\spring-boot-starter-json\3.4.2\spring-boot-starter-json-3.4.2.jar;C:\Users\Admin\.m2\repository\com\fasterxml\jackson\core\jackson-databind\2.18.2\jackson-databind-2.18.2.jar;C:\Users\Admin\.m2\repository\com\fasterxml\jackson\core\jackson-annotations\2.18.2\jackson-annotations-2.18.2.jar;C:\Users\Admin\.m2\repository\com\fasterxml\jackson\core\jackson-core\2.18.2\jackson-core-2.18.2.jar;C:\Users\Admin\.m2\repository\com\fasterxml\jackson\datatype\jackson-datatype-jdk8\2.18.2\jackson-datatype-jdk8-2.18.2.jar;C:\Users\Admin\.m2\repository\com\fasterxml\jackson\datatype\jackson-datatype-jsr310\2.18.2\jackson-datatype-jsr310-2.18.2.jar;C:\Users\Admin\.m2\repository\com\fasterxml\jackson\module\jackson-module-parameter-names\2.18.2\jackson-module-parameter-names-2.18.2.jar;C:\Users\Admin\.m2\repository\org\springframework\boot\spring-boot-starter-tomcat\3.4.2\spring-boot-starter-tomcat-3.4.2.jar;C:\Users\Admin\.m2\repository\org\apache\tomcat\embed\tomcat-embed-core\10.1.34\tomcat-embed-core-10.1.34.jar;C:\Users\Admin\.m2\repository\org\apache\tomcat\embed\tomcat-embed-el\10.1.34\tomcat-embed-el-10.1.34.jar;C:\Users\Admin\.m2\repository\org\apache\tomcat\embed\tomcat-embed-websocket\10.1.34\tomcat-embed-websocket-10.1.34.jar;C:\Users\Admin\.m2\repository\org\springframework\spring-web\6.2.2\spring-web-6.2.2.jar;C:\Users\Admin\.m2\repository\io\micrometer\micrometer-observation\1.14.3\micrometer-observation-1.14.3.jar;C:\Users\Admin\.m2\repository\io\micrometer\micrometer-commons\1.14.3\micrometer-commons-1.14.3.jar;C:\Users\Admin\.m2\repository\org\springframework\spring-webmvc\6.2.2\spring-webmvc-6.2.2.jar;C:\Users\Admin\.m2\repository\org\springframework\spring-expression\6.2.2\spring-expression-6.2.2.jar;C:\Users\Admin\.m2\repository\org\springframework\boot\spring-boot-devtools\3.4.2\spring-boot-devtools-3.4.2.jar;C:\Users\Admin\.m2\repository\org\springframework\boot\spring-boot\3.4.2\spring-boot-3.4.2.jar;C:\Users\Admin\.m2\repository\org\springframework\boot\spring-boot-autoconfigure\3.4.2\spring-boot-autoconfigure-3.4.2.jar;C:\Users\Admin\.m2\repository\com\mysql\mysql-connector-j\9.1.0\mysql-connector-j-9.1.0.jar;C:\Users\Admin\.m2\repository\org\springframework\boot\spring-boot-configuration-processor\3.4.2\spring-boot-configuration-processor-3.4.2.jar;C:\Users\Admin\.m2\repository\jakarta\xml\bind\jakarta.xml.bind-api\4.0.2\jakarta.xml.bind-api-4.0.2.jar;C:\Users\Admin\.m2\repository\jakarta\activation\jakarta.activation-api\2.1.3\jakarta.activation-api-2.1.3.jar;C:\Users\Admin\.m2\repository\org\springframework\spring-core\6.2.2\spring-core-6.2.2.jar;C:\Users\Admin\.m2\repository\org\springframework\spring-jcl\6.2.2\spring-jcl-6.2.2.jar
Launcher Type: SUN_STANDARD

[Global flags]
     intx CICompilerCount                          = 3                                         {product} {ergonomic}
     uint ConcGCThreads                            = 1                                         {product} {ergonomic}
     uint G1ConcRefinementThreads                  = 4                                         {product} {ergonomic}
   size_t G1HeapRegionSize                         = 1048576                                   {product} {ergonomic}
   size_t InitialHeapSize                          = 134217728                                 {product} {ergonomic}
   size_t MarkStackSize                            = 4194304                                   {product} {ergonomic}
   size_t MaxHeapSize                              = 2126512128                                {product} {ergonomic}
   size_t MaxNewSize                               = 1275068416                                {product} {ergonomic}
   size_t MinHeapDeltaBytes                        = 1048576                                   {product} {ergonomic}
   size_t MinHeapSize                              = 8388608                                   {product} {ergonomic}
    uintx NonNMethodCodeHeapSize                   = 5832780                                {pd product} {ergonomic}
    uintx NonProfiledCodeHeapSize                  = 122912730                              {pd product} {ergonomic}
    uintx ProfiledCodeHeapSize                     = 122912730                              {pd product} {ergonomic}
    uintx ReservedCodeCacheSize                    = 251658240                              {pd product} {ergonomic}
     bool SegmentedCodeCache                       = true                                      {product} {ergonomic}
   size_t SoftMaxHeapSize                          = 2126512128                             {manageable} {ergonomic}
     bool UseCompressedOops                        = true                           {product lp64_product} {ergonomic}
     bool UseG1GC                                  = true                                      {product} {ergonomic}
     bool UseLargePagesIndividualAllocation        = false                                  {pd product} {ergonomic}

Logging:
Log output configuration:
 #0: stdout all=warning uptime,level,tags foldmultilines=false
 #1: stderr all=off uptime,level,tags foldmultilines=false

Environment Variables:
PATH=G:\Python\;G:\Python\Scripts;G:\VMWare\bin\;c:\Users\Admin\AppData\Local\Programs\cursor\resources\app\bin;C:\Program Files\Common Files\Oracle\Java\javapath;C:\Program Files (x86)\Common Files\Oracle\Java\javapath;C:\Windows\system32;C:\Windows;C:\Windows\System32\Wbem;C:\Windows\System32\WindowsPowerShell\v1.0\;C:\Windows\System32\OpenSSH\;C:\ProgramData\chocolatey\bin;E:\jdk-17.0.2\bin;C:\Program Files\MySQL\MySQL Shell 8.0\bin\;C:\Users\Admin\AppData\Local\Microsoft\WindowsApps;C:\Users\Admin\AppData\Roaming\npm;c:\Users\Admin\AppData\Local\Programs\cursor\resources\app\bin;G:\github\Git\cmd;G:\NodeJs\;G:\Python\Scripts\;G:\Python\;C:\Program Files\MySQL\MySQL Shell 8.0\bin\;C:\Users\Admin\AppData\Local\Microsoft\WindowsApps;C:\Users\Admin\AppData\Local\Programs\Microsoft VS Code\bin;C:\Users\Admin\AppData\Roaming\npm
USERNAME=Admin
OS=Windows_NT
PROCESSOR_IDENTIFIER=Intel64 Family 6 Model 61 Stepping 4, GenuineIntel
TMP=C:\Users\Admin\AppData\Local\Temp
TEMP=C:\Users\Admin\AppData\Local\Temp




Periodic native trim disabled

---------------  S Y S T E M  ---------------

OS:
 Windows 10 , 64 bit Build 19041 (10.0.19041.5072)
OS uptime: 0 days 2:19 hours

CPU: total 4 (initial active 4) (2 cores per cpu, 2 threads per core) family 6 model 61 stepping 4 microcode 0x2d, cx8, cmov, fxsr, ht, mmx, 3dnowpref, sse, sse2, sse3, ssse3, sse4.1, sse4.2, popcnt, lzcnt, tsc, tscinvbit, avx, avx2, aes, erms, clmul, bmi1, bmi2, adx, fma, vzeroupper, clflush, rdtscp, f16c
Processor Information for all 4 processors :
  Max Mhz: 2000, Current Mhz: 2000, Mhz Limit: 2000

Memory: 4k page, system-wide physical 8104M (950M free)
TotalPageFile size 17880M (AvailPageFile size 2616M)
current process WorkingSet (physical memory assigned to process): 25M, peak: 25M
current process commit charge ("private bytes"): 196M, peak: 196M

vm_info: Java HotSpot(TM) 64-Bit Server VM (22.0.1+8-16) for windows-amd64 JRE (22.0.1+8-16), built on 2024-03-12T10:33:16Z by "mach5one" with MS VC++ 17.6 (VS2022)

END.
